2019-04-11 21:13:53 INFO  EquationController:46 - Added entity to cache
2019-04-11 21:13:53 INFO  EquationController:42 - HTTP status 200, response :Equation(id=24, solution=-45, isInGap=false)
2019-04-11 21:42:02 INFO  EquationController:38 - Counter of requests on server:1
2019-04-11 21:42:02 INFO  EquationController:51 - Getted entity from cache
2019-04-11 21:42:02 INFO  EquationController:46 - Added entity to cache
2019-04-11 21:42:02 INFO  EquationController:47 - HTTP status 200, response :Equation(id=2, solution=-45, isInGap=false)
2019-04-11 21:42:10 INFO  EquationController:38 - Counter of requests on server:2
2019-04-11 21:42:10 INFO  EquationController:51 - Getted entity from cache
2019-04-11 21:42:10 INFO  EquationController:46 - Added entity to cache
2019-04-11 21:42:10 INFO  EquationController:47 - HTTP status 200, response :Equation(id=4, solution=-45, isInGap=false)
2019-04-11 21:42:12 INFO  EquationController:38 - Counter of requests on server:3
2019-04-11 21:42:12 INFO  EquationController:51 - Getted entity from cache
2019-04-11 21:42:12 INFO  EquationController:47 - HTTP status 200, response :Equation(id=3, solution=-45, isInGap=false)
2019-04-11 21:42:15 INFO  EquationController:38 - Counter of requests on server:4
2019-04-11 21:42:15 INFO  EquationController:51 - Getted entity from cache
2019-04-11 21:42:15 INFO  EquationController:46 - Added entity to cache
2019-04-11 21:42:15 INFO  EquationController:47 - HTTP status 200, response :Equation(id=6, solution=-45, isInGap=false)
2019-04-11 21:42:17 INFO  EquationController:38 - Counter of requests on server:5
2019-04-11 21:42:17 INFO  EquationController:51 - Getted entity from cache
2019-04-11 21:42:17 INFO  EquationController:46 - Added entity to cache
2019-04-11 21:42:17 INFO  EquationController:47 - HTTP status 200, response :Equation(id=8, solution=-45, isInGap=false)
2019-04-11 21:42:19 INFO  EquationController:38 - Counter of requests on server:6
2019-04-11 21:42:19 INFO  EquationController:50 - Bad parameters (not a number)
2019-04-11 21:42:22 INFO  EquationController:38 - Counter of requests on server:7
2019-04-11 21:42:22 INFO  EquationController:51 - Getted entity from cache
2019-04-11 21:42:22 INFO  EquationController:46 - Added entity to cache
2019-04-11 21:42:22 INFO  EquationController:47 - HTTP status 200, response :Equation(id=10, solution=-45, isInGap=false)
2019-04-11 21:42:26 INFO  EquationController:38 - Counter of requests on server:8
2019-04-11 21:42:26 INFO  EquationController:51 - Getted entity from cache
2019-04-11 21:42:26 INFO  EquationController:46 - Added entity to cache
2019-04-11 21:42:26 INFO  EquationController:47 - HTTP status 200, response :Equation(id=12, solution=-45, isInGap=false)
2019-04-11 22:15:25 INFO  EquationController:38 - Counter of requests on server:1
2019-04-11 22:15:25 INFO  EquationController:51 - Getted entity from cache
2019-04-11 22:15:25 INFO  EquationController:46 - Added entity to cache
2019-04-11 22:15:25 INFO  EquationController:47 - HTTP status 200, response :Equation(id=2, solution=-118, isInGap=false)
2019-04-11 22:15:32 INFO  EquationController:38 - Counter of requests on server:2
2019-04-11 22:15:32 INFO  EquationController:43 - Incorrect parameters(right board < left board)
2019-04-11 22:15:41 INFO  EquationController:38 - Counter of requests on server:3
2019-04-11 22:15:41 INFO  EquationController:50 - Bad parameters (not a number)
2019-04-11 22:19:45 INFO  EquationController:38 - Counter of requests on server:1
2019-04-11 22:19:45 INFO  EquationController:51 - Getted entity from cache
2019-04-11 22:19:45 INFO  EquationController:46 - Added entity to cache
2019-04-11 22:19:45 INFO  EquationController:47 - HTTP status 200, response :Equation(id=2, solution=-118, isInGap=false)
